Started at Tue Jul 19 18:31:43 IST 2022
Processing E2EProject
Offering E2EProject to Project Build Discarder
Processing MavenJob
Offering MavenJob to Project Build Discarder
Finished at Tue Jul 19 18:31:43 IST 2022. 16ms
Started at Tue Jul 19 21:35:40 IST 2022
Processing E2EProject
Offering E2EProject to Project Build Discarder
Processing MavenJob
Offering MavenJob to Project Build Discarder
Finished at Tue Jul 19 21:35:40 IST 2022. 0ms
Started at Tue Jul 19 22:07:54 IST 2022
Processing E2EProject
Offering E2EProject to Project Build Discarder
Processing MavenJob
Offering MavenJob to Project Build Discarder
Finished at Tue Jul 19 22:07:54 IST 2022. 7ms
Started at Tue Jul 19 23:07:54 IST 2022
Processing E2EProject
Offering E2EProject to Project Build Discarder
Processing MavenJob
Offering MavenJob to Project Build Discarder
Finished at Tue Jul 19 23:07:54 IST 2022. 3ms
